<?xml version="1.0" encoding="UTF-8"?>
<!-- Generated by org.testng.reporters.JUnitReportReporter -->
<testsuite hostname="Pradeep" failures="0" tests="2" name="com.qa.hrm.OrangeHRM" time="9.558" errors="0" timestamp="2022-12-02T23:47:54 IST" skipped="0">
  <testcase classname="com.qa.hrm.OrangeHRM" name="Operation" time="9.534"/>
  <system-out/>
  <testcase classname="com.qa.hrm.OrangeHRM" name="verifyLoginPage" time="0.024"/>
  <system-out/>
</testsuite> <!-- com.qa.hrm.OrangeHRM -->
