<?xml version="1.0" encoding="UTF-8"?>
<!-- Generated by org.testng.reporters.JUnitReportReporter -->
<testsuite hostname="Pradeep" failures="0" tests="2" name="com.qa.testcases.RegistrationPageTest" time="14.902" errors="0" timestamp="2022-12-02T19:00:01 IST" skipped="0">
  <testcase classname="com.qa.testcases.RegistrationPageTest" name="registrationTest" time="14.844"/>
  <system-out/>
  <testcase classname="com.qa.testcases.RegistrationPageTest" name="RegistrationPageText" time="0.058"/>
  <system-out/>
</testsuite> <!-- com.qa.testcases.RegistrationPageTest -->
