<?xml version="1.0" encoding="UTF-8"?>
<!-- Generated by org.testng.reporters.JUnitReportReporter -->
<testsuite hostname="Pradeep" failures="0" tests="1" name="com.qa.testcases.HomePageTest" time="3.077" errors="0" timestamp="2022-11-25T16:00:23 IST" skipped="0">
  <testcase classname="com.qa.testcases.HomePageTest" name="homePageTitleTest" time="3.077"/>
  <system-out/>
</testsuite> <!-- com.qa.testcases.HomePageTest -->
