<?xml version="1.0" encoding="UTF-8"?>
<!-- Generated by org.testng.reporters.JUnitReportReporter -->
<testsuite hostname="Pradeep" failures="0" tests="2" name="com.qa.testcases.FightsPageTest" time="24.700" errors="0" timestamp="2022-12-30T12:26:25 IST" skipped="0">
  <testcase classname="com.qa.testcases.FightsPageTest" name="flightTest" time="16.668"/>
  <system-out/>
  <testcase classname="com.qa.testcases.FightsPageTest" name="filghtPageText" time="8.032"/>
  <system-out/>
</testsuite> <!-- com.qa.testcases.FightsPageTest -->
