<?xml version="1.0" encoding="UTF-8"?>
<!-- Generated by org.testng.reporters.JUnitReportReporter -->
<testsuite hostname="Pradeep" failures="0" tests="2" name="com.qa.testcases.LoginPageTest" time="6.705" errors="0" timestamp="2022-11-28T20:36:33 IST" skipped="0">
  <testcase classname="com.qa.testcases.LoginPageTest" name="loginTest" time="6.678"/>
  <system-out/>
  <testcase classname="com.qa.testcases.LoginPageTest" name="verifyLogin" time="0.027"/>
  <system-out/>
</testsuite> <!-- com.qa.testcases.LoginPageTest -->
