<?xml version="1.0" encoding="UTF-8"?>
<!-- Generated by org.testng.reporters.JUnitReportReporter -->
<testsuite hostname="Pradeep" failures="0" tests="1" name="com.DataDrivenFramework.WrieOnExcel" time="1.388" errors="0" timestamp="2022-12-11T16:52:57 IST" skipped="0">
  <testcase classname="com.DataDrivenFramework.WrieOnExcel" name="operation" time="1.388"/>
  <system-out/>
</testsuite> <!-- com.DataDrivenFramework.WrieOnExcel -->
