<?xml version="1.0" encoding="UTF-8"?>
<!-- Generated by org.testng.reporters.JUnitReportReporter -->
<testsuite hostname="Pradeep" failures="0" tests="1" name="hybridFrameWork.HRMByHybridFwk" time="100.662" errors="0" timestamp="2022-11-23T23:52:16 IST" skipped="0">
  <testcase classname="hybridFrameWork.HRMByHybridFwk" name="hybridDriven" time="100.662"/>
  <system-out/>
</testsuite> <!-- hybridFrameWork.HRMByHybridFwk -->
