<?xml version="1.0" encoding="UTF-8"?>
<!-- Generated by org.testng.reporters.JUnitReportReporter -->
<testsuite hostname="Pradeep" failures="0" tests="1" name="com.DataDrivenFramework.NowToursRegistration" time="16.148" errors="0" timestamp="2022-12-14T11:51:11 IST" skipped="0">
  <testcase classname="com.DataDrivenFramework.NowToursRegistration" name="registerOperation" time="16.148"/>
  <system-out/>
</testsuite> <!-- com.DataDrivenFramework.NowToursRegistration -->
