<?xml version="1.0" encoding="UTF-8"?>
<!-- Generated by org.testng.reporters.JUnitReportReporter -->
<testsuite hostname="Pradeep" failures="0" tests="1" name="com.magneq.HRNMLogin" time="8.334" errors="0" timestamp="2022-11-16T19:04:36 IST" skipped="0">
  <testcase classname="com.magneq.HRNMLogin" name="operation" time="8.334"/>
  <system-out/>
</testsuite> <!-- com.magneq.HRNMLogin -->
