<?xml version="1.0" encoding="UTF-8"?>
<!-- Generated by org.testng.reporters.JUnitReportReporter -->
<testsuite hostname="Pradeep" failures="0" tests="1" name="modularDrivenFramwork.TestCase1" time="31.681" errors="0" timestamp="2022-11-23T11:48:30 IST" skipped="0">
  <testcase classname="modularDrivenFramwork.TestCase1" name="data" time="31.681"/>
  <system-out/>
</testsuite> <!-- modularDrivenFramwork.TestCase1 -->
