<?xml version="1.0" encoding="UTF-8"?>
<!-- Generated by org.testng.reporters.JUnitReportReporter -->
<testsuite hostname="Pradeep" failures="0" tests="1" name="modularDrivenFramwork.TestCase2" time="57.592" errors="0" timestamp="2022-11-23T23:22:34 IST" skipped="0">
  <testcase classname="modularDrivenFramwork.TestCase2" name="data" time="57.592"/>
  <system-out/>
</testsuite> <!-- modularDrivenFramwork.TestCase2 -->
