<?xml version="1.0" encoding="UTF-8"?>
<!-- Generated by org.testng.reporters.JUnitReportReporter -->
<testsuite hostname="Pradeep" failures="0" tests="1" name="com.magneq.HRMLogin" time="8.204" errors="0" timestamp="2022-11-17T10:59:54 IST" skipped="0">
  <testcase classname="com.magneq.HRMLogin" name="operation" time="8.204"/>
  <system-out/>
</testsuite> <!-- com.magneq.HRMLogin -->
